android/UnityExport/build/intermediates/manifest_merge_blame_file/debug/manifest-merger-blame-debug-report.txt
1<?xml version="1.0" encoding="utf-8"?>
2<!-- GENERATED BY UNITY. REMOVE THIS COMMENT TO PREVENT OVERWRITING WHEN EXPORTING AGAIN -->
3<manifest xmlns:android="http://schemas.android.com/apk/res/android"
4    xmlns:tools="http://schemas.android.com/tools"
5    package="com.unity3d.player"
6    android:versionCode="1"
7    android:versionName="0.1" >
8
9    <uses-sdk
10        android:minSdkVersion="19"
10-->src/main/AndroidManifest.xml
11        android:targetSdkVersion="29" />
11-->src/main/AndroidManifest.xml
12
13    <uses-feature android:glEsVersion="0x00020000" />
13-->src/main/AndroidManifest.xml:12:3-52
13-->src/main/AndroidManifest.xml:12:17-49
14
15    <uses-permission android:name="android.permission.INTERNET" />
15-->src/main/AndroidManifest.xml:13:3-65
15-->src/main/AndroidManifest.xml:13:20-62
16    <uses-permission android:name="android.permission.CAMERA" />
16-->src/main/AndroidManifest.xml:14:3-63
16-->src/main/AndroidManifest.xml:14:20-60
17
18    <uses-feature
18-->src/main/AndroidManifest.xml:15:3-83
19        android:name="android.hardware.camera"
19-->src/main/AndroidManifest.xml:15:17-55
20        android:required="false" />
20-->src/main/AndroidManifest.xml:15:56-80
21    <uses-feature
21-->src/main/AndroidManifest.xml:16:3-93
22        android:name="android.hardware.camera.autofocus"
22-->src/main/AndroidManifest.xml:16:17-65
23        android:required="false" />
23-->src/main/AndroidManifest.xml:16:66-90
24    <uses-feature
24-->src/main/AndroidManifest.xml:17:3-89
25        android:name="android.hardware.camera.front"
25-->src/main/AndroidManifest.xml:17:17-61
26        android:required="false" />
26-->src/main/AndroidManifest.xml:17:62-86
27    <uses-feature
27-->src/main/AndroidManifest.xml:18:3-88
28        android:name="android.hardware.touchscreen"
28-->src/main/AndroidManifest.xml:18:17-60
29        android:required="false" />
29-->src/main/AndroidManifest.xml:18:61-85
30    <uses-feature
30-->src/main/AndroidManifest.xml:19:3-99
31        android:name="android.hardware.touchscreen.multitouch"
31-->src/main/AndroidManifest.xml:19:17-71
32        android:required="false" />
32-->src/main/AndroidManifest.xml:19:72-96
33    <uses-feature
33-->src/main/AndroidManifest.xml:20:3-108
34        android:name="android.hardware.touchscreen.multitouch.distinct"
34-->src/main/AndroidManifest.xml:20:17-80
35        android:required="false" />
35-->src/main/AndroidManifest.xml:20:81-105
36
37    <application>
37-->src/main/AndroidManifest.xml:4:3-11:17
38        <meta-data
38-->src/main/AndroidManifest.xml:6:5-69
39            android:name="unity.splash-mode"
39-->src/main/AndroidManifest.xml:6:16-48
40            android:value="0" />
40-->src/main/AndroidManifest.xml:6:49-66
41        <meta-data
41-->src/main/AndroidManifest.xml:7:5-74
42            android:name="unity.splash-enable"
42-->src/main/AndroidManifest.xml:7:16-50
43            android:value="True" />
43-->src/main/AndroidManifest.xml:7:51-71
44        <meta-data
44-->src/main/AndroidManifest.xml:8:5-81
45            android:name="notch.config"
45-->src/main/AndroidManifest.xml:8:16-43
46            android:value="portrait|landscape" />
46-->src/main/AndroidManifest.xml:8:44-78
47        <meta-data
47-->src/main/AndroidManifest.xml:9:5-101
48            android:name="unity.build-id"
48-->src/main/AndroidManifest.xml:9:16-45
49            android:value="cacccbf7-40e1-4199-a5ac-12d9c65fda36" />
49-->src/main/AndroidManifest.xml:9:46-98
50        <meta-data
50-->src/main/AndroidManifest.xml:10:5-77
51            android:name="com.google.ar.core"
51-->src/main/AndroidManifest.xml:10:16-49
52            android:value="optional" />
52-->src/main/AndroidManifest.xml:10:50-74
53    </application>
54
55</manifest>